<?xml version="1.0" encoding="UTF-8"?>
<!-- Generated by org.testng.reporters.JUnitReportReporter -->
<testsuite hostname="sys" name="HandlingWebtable" tests="1" failures="0" timestamp="5 Jun 2018 14:50:28 GMT" time="4.172" errors="0">
  <testcase name="f" time="4.172" classname="HandlingWebtable"/>
</testsuite> <!-- HandlingWebtable -->
