<?xml version="1.0" encoding="UTF-8"?>
<!-- Generated by org.testng.reporters.JUnitReportReporter -->
<testsuite hostname="sys" name="TestNG.ASSString" tests="1" failures="0" timestamp="19 Mar 2018 17:07:50 GMT" time="0.046" errors="0">
  <testcase name="f" time="0.046" classname="TestNG.ASSString"/>
</testsuite> <!-- TestNG.ASSString -->
