<?xml version="1.0" encoding="UTF-8"?>
<!-- Generated by org.testng.reporters.JUnitReportReporter -->
<testsuite hostname="sys" name="DataDrivenFramework.AddInputtooutputfile" tests="1" failures="0" timestamp="4 Apr 2018 17:07:04 GMT" time="0.686" errors="0">
  <testcase name="Test02" time="0.686" classname="DataDrivenFramework.AddInputtooutputfile"/>
</testsuite> <!-- DataDrivenFramework.AddInputtooutputfile -->
