<?xml version="1.0" encoding="UTF-8"?>
<!-- Generated by org.testng.reporters.JUnitReportReporter -->
<testsuite hostname="sys" name="TestNG.ExcelFile" tests="1" failures="0" timestamp="23 Mar 2018 16:37:55 GMT" time="0.698" errors="0">
  <testcase name="f" time="0.698" classname="TestNG.ExcelFile"/>
</testsuite> <!-- TestNG.ExcelFile -->
