<?xml version="1.0" encoding="UTF-8"?>
<!-- Generated by org.testng.reporters.JUnitReportReporter -->
<testsuite hostname="sys" name="DataDrivenFramework.Login_Results" tests="1" failures="0" timestamp="4 Apr 2018 16:40:07 GMT" time="8.898" errors="0">
  <testcase name="Step03" time="8.898" classname="DataDrivenFramework.Login_Results"/>
</testsuite> <!-- DataDrivenFramework.Login_Results -->
