<?xml version="1.0" encoding="UTF-8"?>
<!-- Generated by org.testng.reporters.JUnitReportReporter -->
<testsuite hostname="sys" name="Spicejetonewaysearch" tests="3" failures="0" timestamp="5 Jun 2018 12:48:36 GMT" time="21.558" errors="0">
  <testcase name="Test02" time="6.497" classname="Spicejetonewaysearch"/>
  <testcase name="Test01" time="8.671" classname="Spicejetonewaysearch"/>
  <testcase name="Test03" time="6.390" classname="Spicejetonewaysearch"/>
</testsuite> <!-- Spicejetonewaysearch -->
