<?xml version="1.0" encoding="UTF-8"?>
<!-- Generated by org.testng.reporters.JUnitReportReporter -->
<testsuite hostname="sys" name="TestNG.AssLocators" tests="1" failures="0" timestamp="20 Mar 2018 07:41:34 GMT" time="1.007" errors="0">
  <testcase name="f" time="1.007" classname="TestNG.AssLocators"/>
</testsuite> <!-- TestNG.AssLocators -->
