<?xml version="1.0" encoding="UTF-8"?>
<!-- Generated by org.testng.reporters.JUnitReportReporter -->
<testsuite hostname="sys" name="HandlingWebtable" tests="1" failures="0" timestamp="9 Jul 2018 09:06:17 GMT" time="0.000" errors="1">
  <testcase name="f" time="0.000" classname="HandlingWebtable">
    <error type="org.openqa.selenium.WebDriverException" message="Failed to connect to binary FirefoxBinary(C:\Program Files\Mozilla Firefox\firefox.exe) on port 7055; process output follows: 
ider
1531127137806	addons.manager	DEBUG	Registering shutdown blocker for PreviousExperimentProvider
1531127137806	addons.manager	DEBUG	Provider finished startup: PreviousExperimentProvider
1531127138170	addons.xpi	INFO	Mapping fxdriver@googlecode.com to C:\Users\DELL\AppData\Local\Temp\anonymous6908385539926148941webdriver-profile\extensions\fxdriver@googlecode.com
1531127138170	addons.xpi	DEBUG	Ignoring file entry whose name is not a valid add-on ID: C:\Users\DELL\AppData\Local\Temp\anonymous6908385539926148941webdriver-profile\extensions\webdriver-staging
1531127138172	addons.xpi	DEBUG	Existing add-on fxdriver@googlecode.com in app-profile
1531127138172	addons.xpi	INFO	Mapping activity-stream@mozilla.org to C:\Program Files\Mozilla Firefox\browser\features\activity-stream@mozilla.org.xpi
1531127138172	addons.xpi	INFO	Mapping aushelper@mozilla.org to C:\Program Files\Mozilla Firefox\browser\features\aushelper@mozilla.org.xpi
1531127138172	addons.xpi	INFO	Mapping firefox@getpocket.com to C:\Program Files\Mozilla Firefox\browser\features\firefox@getpocket.com.xpi
1531127138172	addons.xpi	INFO	Mapping followonsearch@mozilla.com to C:\Program Files\Mozilla Firefox\browser\features\followonsearch@mozilla.com.xpi
1531127138172	addons.xpi	INFO	Mapping formautofill@mozilla.org to C:\Program Files\Mozilla Firefox\browser\features\formautofill@mozilla.org.xpi
1531127138172	addons.xpi	INFO	Mapping onboarding@mozilla.org to C:\Program Files\Mozilla Firefox\browser\features\onboarding@mozilla.org.xpi
1531127138174	addons.xpi	INFO	Mapping screenshots@mozilla.org to C:\Program Files\Mozilla Firefox\browser\features\screenshots@mozilla.org.xpi
1531127138174	addons.xpi	INFO	Mapping shield-recipe-client@mozilla.org to C:\Program Files\Mozilla Firefox\browser\features\shield-recipe-client@mozilla.org.xpi
1531127138174	addons.xpi	INFO	Mapping webcompat@mozilla.org to C:\Program Files\Mozilla Firefox\browser\features\webcompat@mozilla.org.xpi
1531127138174	addons.xpi	DEBUG	Existing add-on activity-stream@mozilla.org in app-system-defaults
1531127138174	addons.xpi	DEBUG	Existing add-on aushelper@mozilla.org in app-system-defaults
1531127138176	addons.xpi	DEBUG	Existing add-on firefox@getpocket.com in app-system-defaults
1531127138176	addons.xpi	DEBUG	Existing add-on followonsearch@mozilla.com in app-system-defaults
1531127138178	addons.xpi	DEBUG	Existing add-on formautofill@mozilla.org in app-system-defaults
1531127138178	addons.xpi	DEBUG	Existing add-on onboarding@mozilla.org in app-system-defaults
1531127138178	addons.xpi	DEBUG	Existing add-on screenshots@mozilla.org in app-system-defaults
1531127138180	addons.xpi	DEBUG	Existing add-on shield-recipe-client@mozilla.org in app-system-defaults
1531127138180	addons.xpi	DEBUG	Existing add-on webcompat@mozilla.org in app-system-defaults
1531127138182	addons.xpi	INFO	Mapping {972ce4c6-7e08-4474-a285-3208198ce6fd} to C:\Program Files\Mozilla Firefox\browser\extensions\{972ce4c6-7e08-4474-a285-3208198ce6fd}.xpi
1531127138182	addons.xpi	DEBUG	Existing add-on {972ce4c6-7e08-4474-a285-3208198ce6fd} in app-global
1531127138184	addons.xpi	DEBUG	Existing add-on {4ED1F68A-5463-4931-9384-8FFF5ED91D92} in winreg-app-global
1531127138184	addons.xpi	DEBUG	Existing add-on web2pdfextension.17@acrobat.adobe.com in winreg-app-global
1531127138184	addons.xpi	DEBUG	getInstallState changed: false, state: {}
1531127157712	addons.productaddons	INFO	sending request to: https://aus5.mozilla.org/update/3/GMP/59.0.3/20180427210249/WINNT_x86_64-msvc-x64/en-US/release/Windows_NT%206.3.0.0.9600%20(x64)/default/default/update.xml
1531127158550	addons.productaddons	INFO	Completed downloading document
1531127159980	addons.productaddons	INFO	downloadXHR File download. status=200
1531127159988	addons.productaddons	INFO	Downloaded file will be saved to C:\Users\DELL\AppData\Local\Temp\tmpaddon-b52a38
1531127165332	addons.productaddons	INFO	downloadXHR File download. status=200
1531127165338	addons.productaddons	INFO	Downloaded file will be saved to C:\Users\DELL\AppData\Local\Temp\tmpaddon-af174

Build info: version: &#039;2.53.0&#039;, revision: &#039;35ae25b&#039;, time: &#039;2016-03-15 16:57:40&#039;
System info: host: &#039;sys&#039;, ip: &#039;192.168.56.1&#039;, os.name: &#039;Windows 8.1&#039;, os.arch: &#039;amd64&#039;, os.version: &#039;6.3&#039;, java.version: &#039;1.8.0_131&#039;
Driver info: driver.version: FirefoxDriver">
      <![CDATA[org.openqa.selenium.WebDriverException: Failed to connect to binary FirefoxBinary(C:\Program Files\Mozilla Firefox\firefox.exe) on port 7055; process output follows: 
ider
1531127137806	addons.manager	DEBUG	Registering shutdown blocker for PreviousExperimentProvider
1531127137806	addons.manager	DEBUG	Provider finished startup: PreviousExperimentProvider
1531127138170	addons.xpi	INFO	Mapping fxdriver@googlecode.com to C:\Users\DELL\AppData\Local\Temp\anonymous6908385539926148941webdriver-profile\extensions\fxdriver@googlecode.com
1531127138170	addons.xpi	DEBUG	Ignoring file entry whose name is not a valid add-on ID: C:\Users\DELL\AppData\Local\Temp\anonymous6908385539926148941webdriver-profile\extensions\webdriver-staging
1531127138172	addons.xpi	DEBUG	Existing add-on fxdriver@googlecode.com in app-profile
1531127138172	addons.xpi	INFO	Mapping activity-stream@mozilla.org to C:\Program Files\Mozilla Firefox\browser\features\activity-stream@mozilla.org.xpi
1531127138172	addons.xpi	INFO	Mapping aushelper@mozilla.org to C:\Program Files\Mozilla Firefox\browser\features\aushelper@mozilla.org.xpi
1531127138172	addons.xpi	INFO	Mapping firefox@getpocket.com to C:\Program Files\Mozilla Firefox\browser\features\firefox@getpocket.com.xpi
1531127138172	addons.xpi	INFO	Mapping followonsearch@mozilla.com to C:\Program Files\Mozilla Firefox\browser\features\followonsearch@mozilla.com.xpi
1531127138172	addons.xpi	INFO	Mapping formautofill@mozilla.org to C:\Program Files\Mozilla Firefox\browser\features\formautofill@mozilla.org.xpi
1531127138172	addons.xpi	INFO	Mapping onboarding@mozilla.org to C:\Program Files\Mozilla Firefox\browser\features\onboarding@mozilla.org.xpi
1531127138174	addons.xpi	INFO	Mapping screenshots@mozilla.org to C:\Program Files\Mozilla Firefox\browser\features\screenshots@mozilla.org.xpi
1531127138174	addons.xpi	INFO	Mapping shield-recipe-client@mozilla.org to C:\Program Files\Mozilla Firefox\browser\features\shield-recipe-client@mozilla.org.xpi
1531127138174	addons.xpi	INFO	Mapping webcompat@mozilla.org to C:\Program Files\Mozilla Firefox\browser\features\webcompat@mozilla.org.xpi
1531127138174	addons.xpi	DEBUG	Existing add-on activity-stream@mozilla.org in app-system-defaults
1531127138174	addons.xpi	DEBUG	Existing add-on aushelper@mozilla.org in app-system-defaults
1531127138176	addons.xpi	DEBUG	Existing add-on firefox@getpocket.com in app-system-defaults
1531127138176	addons.xpi	DEBUG	Existing add-on followonsearch@mozilla.com in app-system-defaults
1531127138178	addons.xpi	DEBUG	Existing add-on formautofill@mozilla.org in app-system-defaults
1531127138178	addons.xpi	DEBUG	Existing add-on onboarding@mozilla.org in app-system-defaults
1531127138178	addons.xpi	DEBUG	Existing add-on screenshots@mozilla.org in app-system-defaults
1531127138180	addons.xpi	DEBUG	Existing add-on shield-recipe-client@mozilla.org in app-system-defaults
1531127138180	addons.xpi	DEBUG	Existing add-on webcompat@mozilla.org in app-system-defaults
1531127138182	addons.xpi	INFO	Mapping {972ce4c6-7e08-4474-a285-3208198ce6fd} to C:\Program Files\Mozilla Firefox\browser\extensions\{972ce4c6-7e08-4474-a285-3208198ce6fd}.xpi
1531127138182	addons.xpi	DEBUG	Existing add-on {972ce4c6-7e08-4474-a285-3208198ce6fd} in app-global
1531127138184	addons.xpi	DEBUG	Existing add-on {4ED1F68A-5463-4931-9384-8FFF5ED91D92} in winreg-app-global
1531127138184	addons.xpi	DEBUG	Existing add-on web2pdfextension.17@acrobat.adobe.com in winreg-app-global
1531127138184	addons.xpi	DEBUG	getInstallState changed: false, state: {}
1531127157712	addons.productaddons	INFO	sending request to: https://aus5.mozilla.org/update/3/GMP/59.0.3/20180427210249/WINNT_x86_64-msvc-x64/en-US/release/Windows_NT%206.3.0.0.9600%20(x64)/default/default/update.xml
1531127158550	addons.productaddons	INFO	Completed downloading document
1531127159980	addons.productaddons	INFO	downloadXHR File download. status=200
1531127159988	addons.productaddons	INFO	Downloaded file will be saved to C:\Users\DELL\AppData\Local\Temp\tmpaddon-b52a38
1531127165332	addons.productaddons	INFO	downloadXHR File download. status=200
1531127165338	addons.productaddons	INFO	Downloaded file will be saved to C:\Users\DELL\AppData\Local\Temp\tmpaddon-af174

Build info: version: '2.53.0', revision: '35ae25b', time: '2016-03-15 16:57:40'
System info: host: 'sys', ip: '192.168.56.1', os.name: 'Windows 8.1', os.arch: 'amd64', os.version: '6.3', java.version: '1.8.0_131'
Driver info: driver.version: FirefoxDriver
	at org.openqa.selenium.firefox.internal.NewProfileExtensionConnection.start(NewProfileExtensionConnection.java:124)
	at org.openqa.selenium.firefox.FirefoxDriver.startClient(FirefoxDriver.java:271)
	at org.openqa.selenium.remote.RemoteWebDriver.<init>(RemoteWebDriver.java:119)
	at org.openqa.selenium.firefox.FirefoxDriver.<init>(FirefoxDriver.java:218)
	at org.openqa.selenium.firefox.FirefoxDriver.<init>(FirefoxDriver.java:211)
	at org.openqa.selenium.firefox.FirefoxDriver.<init>(FirefoxDriver.java:207)
	at org.openqa.selenium.firefox.FirefoxDriver.<init>(FirefoxDriver.java:120)
	at HandlingWebtable.beforetest(HandlingWebtable.java:31)
	at sun.reflect.NativeMethodAccessorImpl.invoke0(Native Method)
	at sun.reflect.NativeMethodAccessorImpl.invoke(NativeMethodAccessorImpl.java:62)
	at sun.reflect.DelegatingMethodAccessorImpl.invoke(DelegatingMethodAccessorImpl.java:43)
	at java.lang.reflect.Method.invoke(Method.java:498)
	at org.testng.internal.MethodInvocationHelper.invokeMethod(MethodInvocationHelper.java:85)
	at org.testng.internal.Invoker.invokeConfigurationMethod(Invoker.java:510)
	at org.testng.internal.Invoker.invokeConfigurations(Invoker.java:211)
	at org.testng.internal.Invoker.invokeConfigurations(Invoker.java:138)
	at org.testng.TestRunner.beforeRun(TestRunner.java:648)
	at org.testng.TestRunner.run(TestRunner.java:616)
	at org.testng.SuiteRunner.runTest(SuiteRunner.java:359)
	at org.testng.SuiteRunner.runSequentially(SuiteRunner.java:354)
	at org.testng.SuiteRunner.privateRun(SuiteRunner.java:312)
	at org.testng.SuiteRunner.run(SuiteRunner.java:261)
	at org.testng.SuiteRunnerWorker.runSuite(SuiteRunnerWorker.java:52)
	at org.testng.SuiteRunnerWorker.run(SuiteRunnerWorker.java:86)
	at org.testng.TestNG.runSuitesSequentially(TestNG.java:1215)
	at org.testng.TestNG.runSuitesLocally(TestNG.java:1140)
	at org.testng.TestNG.run(TestNG.java:1048)
	at org.testng.remote.AbstractRemoteTestNG.run(AbstractRemoteTestNG.java:114)
	at org.testng.remote.RemoteTestNG.initAndRun(RemoteTestNG.java:251)
	at org.testng.remote.RemoteTestNG.main(RemoteTestNG.java:77)
Caused by: org.openqa.selenium.firefox.NotConnectedException: Unable to connect to host 127.0.0.1 on port 7055 after 45000 ms. Firefox console output:
ider
1531127137806	addons.manager	DEBUG	Registering shutdown blocker for PreviousExperimentProvider
1531127137806	addons.manager	DEBUG	Provider finished startup: PreviousExperimentProvider
1531127138170	addons.xpi	INFO	Mapping fxdriver@googlecode.com to C:\Users\DELL\AppData\Local\Temp\anonymous6908385539926148941webdriver-profile\extensions\fxdriver@googlecode.com
1531127138170	addons.xpi	DEBUG	Ignoring file entry whose name is not a valid add-on ID: C:\Users\DELL\AppData\Local\Temp\anonymous6908385539926148941webdriver-profile\extensions\webdriver-staging
1531127138172	addons.xpi	DEBUG	Existing add-on fxdriver@googlecode.com in app-profile
1531127138172	addons.xpi	INFO	Mapping activity-stream@mozilla.org to C:\Program Files\Mozilla Firefox\browser\features\activity-stream@mozilla.org.xpi
1531127138172	addons.xpi	INFO	Mapping aushelper@mozilla.org to C:\Program Files\Mozilla Firefox\browser\features\aushelper@mozilla.org.xpi
1531127138172	addons.xpi	INFO	Mapping firefox@getpocket.com to C:\Program Files\Mozilla Firefox\browser\features\firefox@getpocket.com.xpi
1531127138172	addons.xpi	INFO	Mapping followonsearch@mozilla.com to C:\Program Files\Mozilla Firefox\browser\features\followonsearch@mozilla.com.xpi
1531127138172	addons.xpi	INFO	Mapping formautofill@mozilla.org to C:\Program Files\Mozilla Firefox\browser\features\formautofill@mozilla.org.xpi
1531127138172	addons.xpi	INFO	Mapping onboarding@mozilla.org to C:\Program Files\Mozilla Firefox\browser\features\onboarding@mozilla.org.xpi
1531127138174	addons.xpi	INFO	Mapping screenshots@mozilla.org to C:\Program Files\Mozilla Firefox\browser\features\screenshots@mozilla.org.xpi
1531127138174	addons.xpi	INFO	Mapping shield-recipe-client@mozilla.org to C:\Program Files\Mozilla Firefox\browser\features\shield-recipe-client@mozilla.org.xpi
1531127138174	addons.xpi	INFO	Mapping webcompat@mozilla.org to C:\Program Files\Mozilla Firefox\browser\features\webcompat@mozilla.org.xpi
1531127138174	addons.xpi	DEBUG	Existing add-on activity-stream@mozilla.org in app-system-defaults
1531127138174	addons.xpi	DEBUG	Existing add-on aushelper@mozilla.org in app-system-defaults
1531127138176	addons.xpi	DEBUG	Existing add-on firefox@getpocket.com in app-system-defaults
1531127138176	addons.xpi	DEBUG	Existing add-on followonsearch@mozilla.com in app-system-defaults
1531127138178	addons.xpi	DEBUG	Existing add-on formautofill@mozilla.org in app-system-defaults
1531127138178	addons.xpi	DEBUG	Existing add-on onboarding@mozilla.org in app-system-defaults
1531127138178	addons.xpi	DEBUG	Existing add-on screenshots@mozilla.org in app-system-defaults
1531127138180	addons.xpi	DEBUG	Existing add-on shield-recipe-client@mozilla.org in app-system-defaults
1531127138180	addons.xpi	DEBUG	Existing add-on webcompat@mozilla.org in app-system-defaults
1531127138182	addons.xpi	INFO	Mapping {972ce4c6-7e08-4474-a285-3208198ce6fd} to C:\Program Files\Mozilla Firefox\browser\extensions\{972ce4c6-7e08-4474-a285-3208198ce6fd}.xpi
1531127138182	addons.xpi	DEBUG	Existing add-on {972ce4c6-7e08-4474-a285-3208198ce6fd} in app-global
1531127138184	addons.xpi	DEBUG	Existing add-on {4ED1F68A-5463-4931-9384-8FFF5ED91D92} in winreg-app-global
1531127138184	addons.xpi	DEBUG	Existing add-on web2pdfextension.17@acrobat.adobe.com in winreg-app-global
1531127138184	addons.xpi	DEBUG	getInstallState changed: false, state: {}
1531127157712	addons.productaddons	INFO	sending request to: https://aus5.mozilla.org/update/3/GMP/59.0.3/20180427210249/WINNT_x86_64-msvc-x64/en-US/release/Windows_NT%206.3.0.0.9600%20(x64)/default/default/update.xml
1531127158550	addons.productaddons	INFO	Completed downloading document
1531127159980	addons.productaddons	INFO	downloadXHR File download. status=200
1531127159988	addons.productaddons	INFO	Downloaded file will be saved to C:\Users\DELL\AppData\Local\Temp\tmpaddon-b52a38
1531127165332	addons.productaddons	INFO	downloadXHR File download. status=200
1531127165338	addons.productaddons	INFO	Downloaded file will be saved to C:\Users\DELL\AppData\Local\Temp\tmpaddon-af174

	at org.openqa.selenium.firefox.internal.NewProfileExtensionConnection.start(NewProfileExtensionConnection.java:112)
	... 29 more
]]>
    </error>
  </testcase> <!-- f -->
</testsuite> <!-- HandlingWebtable -->
