<?xml version="1.0" encoding="UTF-8"?>
<!-- Generated by org.testng.reporters.JUnitReportReporter -->
<testsuite hostname="sys" name="DataDrivenFramework.Login_TD" tests="1" failures="0" timestamp="4 Apr 2018 16:24:16 GMT" time="3.529" errors="0">
  <testcase name="f" time="3.529" classname="DataDrivenFramework.Login_TD"/>
</testsuite> <!-- DataDrivenFramework.Login_TD -->
