<?xml version="1.0" encoding="UTF-8"?>
<!-- Generated by org.testng.reporters.JUnitReportReporter -->
<testsuite hostname="sys" name="TestNG.HMSapp" tests="1" failures="0" timestamp="1 Apr 2018 10:37:43 GMT" time="5.486" errors="0">
  <testcase name="f" time="5.486" classname="TestNG.HMSapp"/>
</testsuite> <!-- TestNG.HMSapp -->
