<?xml version="1.0" encoding="UTF-8"?>
<!-- Generated by org.testng.reporters.JUnitReportReporter -->
<testsuite hostname="sys" name="HMSapp" tests="1" failures="0" timestamp="15 Mar 2018 15:21:06 GMT" time="3.490" errors="0">
  <testcase name="f" time="3.490" classname="HMSapp"/>
</testsuite> <!-- HMSapp -->
