<?xml version="1.0" encoding="UTF-8"?>
<!-- Generated by org.testng.reporters.JUnitReportReporter -->
<testsuite hostname="sys" name="DataDrivenFramework.Login_Retesting" tests="1" failures="0" timestamp="4 Apr 2018 16:27:34 GMT" time="8.567" errors="0">
  <testcase name="f" time="8.567" classname="DataDrivenFramework.Login_Retesting"/>
</testsuite> <!-- DataDrivenFramework.Login_Retesting -->
