<?xml version="1.0" encoding="UTF-8"?>
<!-- Generated by org.testng.reporters.JUnitReportReporter -->
<testsuite hostname="sys" name="Ajax" tests="1" failures="0" timestamp="5 Jun 2018 15:50:53 GMT" time="71.439" errors="0">
  <testcase name="f" time="71.439" classname="Ajax"/>
</testsuite> <!-- Ajax -->
