<?xml version="1.0" encoding="UTF-8"?>
<!-- Generated by org.testng.reporters.JUnitReportReporter -->
<testsuite hostname="sys" name="TestNG.SearchRegistrationtry" tests="1" failures="0" timestamp="18 May 2018 17:16:07 GMT" time="6.445" errors="0">
  <testcase name="f" time="6.445" classname="TestNG.SearchRegistrationtry"/>
</testsuite> <!-- TestNG.SearchRegistrationtry -->
