<?xml version="1.0" encoding="UTF-8"?>
<!-- Generated by org.testng.reporters.JUnitReportReporter -->
<testsuite hostname="sys" name="split" tests="1" failures="0" timestamp="5 Jun 2018 14:06:04 GMT" time="0.031" errors="0">
  <testcase name="f" time="0.031" classname="split"/>
</testsuite> <!-- split -->
