<?xml version="1.0" encoding="UTF-8"?>
<!-- Generated by org.testng.reporters.JUnitReportReporter -->
<testsuite hostname="sys" name="Ass1SpiceJet" tests="1" failures="0" timestamp="14 Mar 2018 17:18:53 GMT" time="0.383" errors="0">
  <testcase name="f" time="0.383" classname="Ass1SpiceJet"/>
</testsuite> <!-- Ass1SpiceJet -->
