<?xml version="1.0" encoding="UTF-8"?>
<!-- Generated by org.testng.reporters.JUnitReportReporter -->
<testsuite hostname="sys" name="TestNG.Ass3onewaySearch" tests="1" failures="0" timestamp="22 Mar 2018 08:25:59 GMT" time="0.382" errors="0">
  <testcase name="f" time="0.382" classname="TestNG.Ass3onewaySearch"/>
</testsuite> <!-- TestNG.Ass3onewaySearch -->
