<?xml version="1.0" encoding="UTF-8"?>
<!-- Generated by org.testng.reporters.JUnitReportReporter -->
<testsuite hostname="sys" name="DataDrivenFramework.CreateExcelfile" tests="1" failures="0" timestamp="4 Apr 2018 17:05:04 GMT" time="0.481" errors="0">
  <testcase name="Step01" time="0.481" classname="DataDrivenFramework.CreateExcelfile"/>
</testsuite> <!-- DataDrivenFramework.CreateExcelfile -->
