<?xml version="1.0" encoding="UTF-8"?>
<!-- Generated by org.testng.reporters.JUnitReportReporter -->
<testsuite hostname="sys" name="DataDrivenFramework.Login_Retesting" tests="1" failures="0" timestamp="24 Jul 2018 14:04:39 GMT" time="13.874" errors="0">
  <testcase name="f" time="13.874" classname="DataDrivenFramework.Login_Retesting"/>
</testsuite> <!-- DataDrivenFramework.Login_Retesting -->
