<?xml version="1.0" encoding="UTF-8"?>
<!-- Generated by org.testng.reporters.JUnitReportReporter -->
<testsuite hostname="sys" name="DataDrivenFramework.Login_OR" tests="2" failures="0" timestamp="4 Apr 2018 17:02:00 GMT" time="19.282" errors="0">
  <testcase name="verifyLogin" time="13.810" classname="DataDrivenFramework.Login_OR"/>
  <testcase name="verifyLogout" time="5.472" classname="DataDrivenFramework.Login_OR"/>
</testsuite> <!-- DataDrivenFramework.Login_OR -->
