<?xml version="1.0" encoding="UTF-8"?>
<!-- Generated by org.testng.reporters.JUnitReportReporter -->
<testsuite hostname="sys" name="Palindrome" tests="1" failures="0" timestamp="5 Jun 2018 13:59:15 GMT" time="0.031" errors="0">
  <testcase name="f" time="0.031" classname="Palindrome"/>
</testsuite> <!-- Palindrome -->
