<?xml version="1.0" encoding="UTF-8"?>
<!-- Generated by org.testng.reporters.JUnitReportReporter -->
<testsuite hostname="sys" name="TestNG.JQueryToolTip" tests="1" failures="0" timestamp="4 Apr 2018 17:28:49 GMT" time="0.559" errors="0">
  <testcase name="toolTipCase" time="0.559" classname="TestNG.JQueryToolTip"/>
</testsuite> <!-- TestNG.JQueryToolTip -->
