<?xml version="1.0" encoding="UTF-8"?>
<!-- Generated by org.testng.reporters.JUnitReportReporter -->
<testsuite hostname="sys" name="TestNG.AssHMStextboxloc" tests="1" failures="0" timestamp="18 May 2018 16:36:37 GMT" time="6.042" errors="0">
  <testcase name="displaytext" time="6.042" classname="TestNG.AssHMStextboxloc"/>
</testsuite> <!-- TestNG.AssHMStextboxloc -->
